[custom_lint] 2025-01-22T11:43:09.478350 Bad state: No response for request CustomLintRequest.analyzerPluginRequest(request: Instance of 'Request', id: 83)
[custom_lint] 2025-01-22T11:43:09.478350 #0      SocketCustomLintServerToClientChannel.sendCustomLintRequest.<anonymous closure> (package:custom_lint/src/v2/server_to_client_channel.dart:253:21)
[custom_lint] 2025-01-22T11:43:09.478350 #1      _runUserCode (dart:async/stream_pipe.dart:11:23)
[custom_lint] 2025-01-22T11:43:09.478350 #2      Stream.firstWhere.<anonymous closure> (dart:async/stream.dart:1707:9)
[custom_lint] 2025-01-22T11:43:09.478350 #3      _rootRun (dart:async/zone.dart:1406:47)
[custom_lint] 2025-01-22T11:43:09.478350 #4      _CustomZone.run (dart:async/zone.dart:1317:19)
[custom_lint] 2025-01-22T11:43:09.478350 #5      _CustomZone.runGuarded (dart:async/zone.dart:1225:7)
[custom_lint] 2025-01-22T11:43:09.478350 #6      _BufferingStreamSubscription._sendDone.sendDone (dart:async/stream_impl.dart:419:13)
[custom_lint] 2025-01-22T11:43:09.478350 #7      _BufferingStreamSubscription._sendDone (dart:async/stream_impl.dart:429:7)
[custom_lint] 2025-01-22T11:43:09.478350 #8      _BufferingStreamSubscription._close (dart:async/stream_impl.dart:318:7)
[custom_lint] 2025-01-22T11:43:09.478350 #9      _ForwardingStream._handleDone (dart:async/stream_pipe.dart:97:10)
[custom_lint] 2025-01-22T11:43:09.478350 #10     _ForwardingStreamSubscription._handleDone (dart:async/stream_pipe.dart:159:13)
[custom_lint] 2025-01-22T11:43:09.478350 #11     _rootRun (dart:async/zone.dart:1406:47)
[custom_lint] 2025-01-22T11:43:09.478350 #12     _CustomZone.run (dart:async/zone.dart:1317:19)
[custom_lint] 2025-01-22T11:43:09.478350 #13     _CustomZone.runGuarded (dart:async/zone.dart:1225:7)
[custom_lint] 2025-01-22T11:43:09.478350 #14     _BufferingStreamSubscription._sendDone.sendDone (dart:async/stream_impl.dart:419:13)
[custom_lint] 2025-01-22T11:43:09.478350 #15     _BufferingStreamSubscription._sendDone (dart:async/stream_impl.dart:429:7)
[custom_lint] 2025-01-22T11:43:09.478350 #16     _BufferingStreamSubscription._close (dart:async/stream_impl.dart:318:7)
[custom_lint] 2025-01-22T11:43:09.478350 #17     _ForwardingStream._handleDone (dart:async/stream_pipe.dart:97:10)
[custom_lint] 2025-01-22T11:43:09.478350 #18     _ForwardingStreamSubscription._handleDone (dart:async/stream_pipe.dart:159:13)
[custom_lint] 2025-01-22T11:43:09.478350 #19     _rootRun (dart:async/zone.dart:1406:47)
[custom_lint] 2025-01-22T11:43:09.478350 #20     _CustomZone.run (dart:async/zone.dart:1317:19)
[custom_lint] 2025-01-22T11:43:09.478350 #21     _CustomZone.runGuarded (dart:async/zone.dart:1225:7)
[custom_lint] 2025-01-22T11:43:09.478350 #22     _BufferingStreamSubscription._sendDone.sendDone (dart:async/stream_impl.dart:419:13)
[custom_lint] 2025-01-22T11:43:09.478350 #23     _BufferingStreamSubscription._sendDone (dart:async/stream_impl.dart:429:7)
[custom_lint] 2025-01-22T11:43:09.478350 #24     _BufferingStreamSubscription._close (dart:async/stream_impl.dart:318:7)
[custom_lint] 2025-01-22T11:43:09.478350 #25     _ForwardingStream._handleDone (dart:async/stream_pipe.dart:97:10)
[custom_lint] 2025-01-22T11:43:09.478350 #26     _ForwardingStreamSubscription._handleDone (dart:async/stream_pipe.dart:159:13)
[custom_lint] 2025-01-22T11:43:09.478350 #27     _rootRun (dart:async/zone.dart:1406:47)
[custom_lint] 2025-01-22T11:43:09.478350 #28     _CustomZone.run (dart:async/zone.dart:1317:19)
[custom_lint] 2025-01-22T11:43:09.478350 #29     _CustomZone.runGuarded (dart:async/zone.dart:1225:7)
[custom_lint] 2025-01-22T11:43:09.478350 #30     _BufferingStreamSubscription._sendDone.sendDone (dart:async/stream_impl.dart:419:13)
[custom_lint] 2025-01-22T11:43:09.478350 #31     _BufferingStreamSubscription._sendDone (dart:async/stream_impl.dart:429:7)
[custom_lint] 2025-01-22T11:43:09.478350 #32     _BufferingStreamSubscription._close (dart:async/stream_impl.dart:318:7)
[custom_lint] 2025-01-22T11:43:09.478350 #33     _ForwardingStream._handleDone (dart:async/stream_pipe.dart:97:10)
[custom_lint] 2025-01-22T11:43:09.478350 #34     _ForwardingStreamSubscription._handleDone (dart:async/stream_pipe.dart:159:13)
[custom_lint] 2025-01-22T11:43:09.478350 #35     _rootRun (dart:async/zone.dart:1406:47)
[custom_lint] 2025-01-22T11:43:09.478350 #36     _CustomZone.run (dart:async/zone.dart:1317:19)
[custom_lint] 2025-01-22T11:43:09.478350 #37     _CustomZone.runGuarded (dart:async/zone.dart:1225:7)
[custom_lint] 2025-01-22T11:43:09.478350 #38     _BufferingStreamSubscription._sendDone.sendDone (dart:async/stream_impl.dart:419:13)
[custom_lint] 2025-01-22T11:43:09.478350 #39     _BufferingStreamSubscription._sendDone (dart:async/stream_impl.dart:429:7)
[custom_lint] 2025-01-22T11:43:09.478350 #40     _BufferingStreamSubscription._close (dart:async/stream_impl.dart:318:7)
[custom_lint] 2025-01-22T11:43:09.478350 #41     _ForwardingStream._handleDone (dart:async/stream_pipe.dart:97:10)
[custom_lint] 2025-01-22T11:43:09.478350 #42     _ForwardingStreamSubscription._handleDone (dart:async/stream_pipe.dart:159:13)
[custom_lint] 2025-01-22T11:43:09.478350 #43     _rootRun (dart:async/zone.dart:1406:47)
[custom_lint] 2025-01-22T11:43:09.478350 #44     _CustomZone.run (dart:async/zone.dart:1317:19)
[custom_lint] 2025-01-22T11:43:09.478350 #45     _CustomZone.runGuarded (dart:async/zone.dart:1225:7)
[custom_lint] 2025-01-22T11:43:09.478350 #46     _BufferingStreamSubscription._sendDone.sendDone (dart:async/stream_impl.dart:419:13)
[custom_lint] 2025-01-22T11:43:09.478350 #47     _BufferingStreamSubscription._sendDone (dart:async/stream_impl.dart:429:7)
[custom_lint] 2025-01-22T11:43:09.478350 #48     _BufferingStreamSubscription._close (dart:async/stream_impl.dart:318:7)
[custom_lint] 2025-01-22T11:43:09.478350 #49     _ForwardingStream._handleDone (dart:async/stream_pipe.dart:97:10)
[custom_lint] 2025-01-22T11:43:09.478350 #50     _ForwardingStreamSubscription._handleDone (dart:async/stream_pipe.dart:159:13)
[custom_lint] 2025-01-22T11:43:09.478350 #51     _rootRun (dart:async/zone.dart:1406:47)
[custom_lint] 2025-01-22T11:43:09.478350 #52     _CustomZone.run (dart:async/zone.dart:1317:19)
[custom_lint] 2025-01-22T11:43:09.478350 #53     _CustomZone.runGuarded (dart:async/zone.dart:1225:7)
[custom_lint] 2025-01-22T11:43:09.478350 #54     _BufferingStreamSubscription._sendDone.sendDone (dart:async/stream_impl.dart:419:13)
[custom_lint] 2025-01-22T11:43:09.478350 #55     _BufferingStreamSubscription._sendDone (dart:async/stream_impl.dart:429:7)
[custom_lint] 2025-01-22T11:43:09.478350 #56     _BufferingStreamSubscription._close (dart:async/stream_impl.dart:318:7)
[custom_lint] 2025-01-22T11:43:09.478350 #57     _ForwardingStream._handleDone (dart:async/stream_pipe.dart:97:10)
[custom_lint] 2025-01-22T11:43:09.478350 #58     _ForwardingStreamSubscription._handleDone (dart:async/stream_pipe.dart:159:13)
[custom_lint] 2025-01-22T11:43:09.478350 #59     _rootRun (dart:async/zone.dart:1406:47)
[custom_lint] 2025-01-22T11:43:09.478350 #60     _CustomZone.run (dart:async/zone.dart:1317:19)
[custom_lint] 2025-01-22T11:43:09.478350 #61     _CustomZone.runGuarded (dart:async/zone.dart:1225:7)
[custom_lint] 2025-01-22T11:43:09.478350 #62     _DoneStreamSubscription._onMicrotask (dart:async/stream_impl.dart:778:15)
[custom_lint] 2025-01-22T11:43:09.478350 #63     _rootRun (dart:async/zone.dart:1406:47)
[custom_lint] 2025-01-22T11:43:09.478350 #64     _CustomZone.run (dart:async/zone.dart:1317:19)
[custom_lint] 2025-01-22T11:43:09.478350 #65     _CustomZone.runGuarded (dart:async/zone.dart:1225:7)
[custom_lint] 2025-01-22T11:43:09.478350 #66     _CustomZone.bindCallbackGuarded.<anonymous closure> (dart:async/zone.dart:1265:23)
[custom_lint] 2025-01-22T11:43:09.478350 #67     _rootRun (dart:async/zone.dart:1414:13)
[custom_lint] 2025-01-22T11:43:09.478350 #68     _CustomZone.run (dart:async/zone.dart:1317:19)
[custom_lint] 2025-01-22T11:43:09.478350 #69     _CustomZone.runGuarded (dart:async/zone.dart:1225:7)
[custom_lint] 2025-01-22T11:43:09.478350 #70     _CustomZone.bindCallbackGuarded.<anonymous closure> (dart:async/zone.dart:1265:23)
[custom_lint] 2025-01-22T11:43:09.478350 #71     _microtaskLoop (dart:async/schedule_microtask.dart:40:21)
[custom_lint] 2025-01-22T11:43:09.478350 #72     _startMicrotaskLoop (dart:async/schedule_microtask.dart:49:5)
[custom_lint] 2025-01-22T11:43:09.478350 #73     _runPendingImmediateCallback (dart:isolate-patch/isolate_patch.dart:118:13)
[custom_lint] 2025-01-22T11:43:09.478350 #74     _RawReceivePort._handleMessage (dart:isolate-patch/isolate_patch.dart:185:5)
[custom_lint] 2025-01-22T11:43:09.478350
The request analysis.updateContent failed with the following error:
RequestErrorCode.PLUGIN_ERROR
Bad state: No response for request CustomLintRequest.analyzerPluginRequest(request: Instance of 'Request', id: 83)
at:
#0      SocketCustomLintServerToClientChannel.sendCustomLintRequest.<anonymous closure> (package:custom_lint/src/v2/server_to_client_channel.dart:253:21)
#1      _runUserCode (dart:async/stream_pipe.dart:11:23)
#2      Stream.firstWhere.<anonymous closure> (dart:async/stream.dart:1707:9)
#3      _rootRun (dart:async/zone.dart:1406:47)
#4      _CustomZone.run (dart:async/zone.dart:1317:19)
#5      _CustomZone.runGuarded (dart:async/zone.dart:1225:7)
#6      _BufferingStreamSubscription._sendDone.sendDone (dart:async/stream_impl.dart:419:13)
#7      _BufferingStreamSubscription._sendDone (dart:async/stream_impl.dart:429:7)
#8      _BufferingStreamSubscription._close (dart:async/stream_impl.dart:318:7)
#9      _ForwardingStream._handleDone (dart:async/stream_pipe.dart:97:10)
#10     _ForwardingStreamSubscription._handleDone (dart:async/stream_pipe.dart:159:13)
#11     _rootRun (dart:async/zone.dart:1406:47)
#12     _CustomZone.run (dart:async/zone.dart:1317:19)
#13     _CustomZone.runGuarded (dart:async/zone.dart:1225:7)
#14     _BufferingStreamSubscription._sendDone.sendDone (dart:async/stream_impl.dart:419:13)
#15     _BufferingStreamSubscription._sendDone (dart:async/stream_impl.dart:429:7)
#16     _BufferingStreamSubscription._close (dart:async/stream_impl.dart:318:7)
#17     _ForwardingStream._handleDone (dart:async/stream_pipe.dart:97:10)
#18     _ForwardingStreamSubscription._handleDone (dart:async/stream_pipe.dart:159:13)
#19     _rootRun (dart:async/zone.dart:1406:47)
#20     _CustomZone.run (dart:async/zone.dart:1317:19)
#21     _CustomZone.runGuarded (dart:async/zone.dart:1225:7)
#22     _BufferingStreamSubscription._sendDone.sendDone (dart:async/stream_impl.dart:419:13)
#23     _BufferingStreamSubscription._sendDone (dart:async/stream_impl.dart:429:7)
#24     _BufferingStreamSubscription._close (dart:async/stream_impl.dart:318:7)
#25     _ForwardingStream._handleDone (dart:async/stream_pipe.dart:97:10)
#26     _ForwardingStreamSubscription._handleDone (dart:async/stream_pipe.dart:159:13)
#27     _rootRun (dart:async/zone.dart:1406:47)
#28     _CustomZone.run (dart:async/zone.dart:1317:19)
#29     _CustomZone.runGuarded (dart:async/zone.dart:1225:7)
#30     _BufferingStreamSubscription._sendDone.sendDone (dart:async/stream_impl.dart:419:13)
#31     _BufferingStreamSubscription._sendDone (dart:async/stream_impl.dart:429:7)
#32     _BufferingStreamSubscription._close (dart:async/stream_impl.dart:318:7)
#33     _ForwardingStream._handleDone (dart:async/stream_pipe.dart:97:10)
#34     _ForwardingStreamSubscription._handleDone (dart:async/stream_pipe.dart:159:13)
#35     _rootRun (dart:async/zone.dart:1406:47)
#36     _CustomZone.run (dart:async/zone.dart:1317:19)
#37     _CustomZone.runGuarded (dart:async/zone.dart:1225:7)
#38     _BufferingStreamSubscription._sendDone.sendDone (dart:async/stream_impl.dart:419:13)
#39     _BufferingStreamSubscription._sendDone (dart:async/stream_impl.dart:429:7)
#40     _BufferingStreamSubscription._close (dart:async/stream_impl.dart:318:7)
#41     _ForwardingStream._handleDone (dart:async/stream_pipe.dart:97:10)
#42     _ForwardingStreamSubscription._handleDone (dart:async/stream_pipe.dart:159:13)
#43     _rootRun (dart:async/zone.dart:1406:47)
#44     _CustomZone.run (dart:async/zone.dart:1317:19)
#45     _CustomZone.runGuarded (dart:async/zone.dart:1225:7)
#46     _BufferingStreamSubscription._sendDone.sendDone (dart:async/stream_impl.dart:419:13)
#47     _BufferingStreamSubscription._sendDone (dart:async/stream_impl.dart:429:7)
#48     _BufferingStreamSubscription._close (dart:async/stream_impl.dart:318:7)
#49     _ForwardingStream._handleDone (dart:async/stream_pipe.dart:97:10)
#50     _ForwardingStreamSubscription._handleDone (dart:async/stream_pipe.dart:159:13)
#51     _rootRun (dart:async/zone.dart:1406:47)
#52     _CustomZone.run (dart:async/zone.dart:1317:19)
#53     _CustomZone.runGuarded (dart:async/zone.dart:1225:7)
#54     _BufferingStreamSubscription._sendDone.sendDone (dart:async/stream_impl.dart:419:13)
#55     _BufferingStreamSubscription._sendDone (dart:async/stream_impl.dart:429:7)
#56     _BufferingStreamSubscription._close (dart:async/stream_impl.dart:318:7)
#57     _ForwardingStream._handleDone (dart:async/stream_pipe.dart:97:10)
#58     _ForwardingStreamSubscription._handleDone (dart:async/stream_pipe.dart:159:13)
#59     _rootRun (dart:async/zone.dart:1406:47)
#60     _CustomZone.run (dart:async/zone.dart:1317:19)
#61     _CustomZone.runGuarded (dart:async/zone.dart:1225:7)
#62     _DoneStreamSubscription._onMicrotask (dart:async/stream_impl.dart:778:15)
#63     _rootRun (dart:async/zone.dart:1406:47)
#64     _CustomZone.run (dart:async/zone.dart:1317:19)
#65     _CustomZone.runGuarded (dart:async/zone.dart:1225:7)
#66     _CustomZone.bindCallbackGuarded.<anonymous closure> (dart:async/zone.dart:1265:23)
#67     _rootRun (dart:async/zone.dart:1414:13)
#68     _CustomZone.run (dart:async/zone.dart:1317:19)
#69     _CustomZone.runGuarded (dart:async/zone.dart:1225:7)
#70     _CustomZone.bindCallbackGuarded.<anonymous closure> (dart:async/zone.dart:1265:23)
#71     _microtaskLoop (dart:async/schedule_microtask.dart:40:21)
#72     _startMicrotaskLoop (dart:async/schedule_microtask.dart:49:5)
#73     _runPendingImmediateCallback (dart:isolate-patch/isolate_patch.dart:118:13)
#74     _RawReceivePort._handleMessage (dart:isolate-patch/isolate_patch.dart:185:5)

[custom_lint] 2025-01-22T11:43:09.890852 Bad state: No response for request CustomLintRequest.analyzerPluginRequest(request: Instance of 'Request', id: 84)
[custom_lint] 2025-01-22T11:43:09.890852 #0      SocketCustomLintServerToClientChannel.sendCustomLintRequest.<anonymous closure> (package:custom_lint/src/v2/server_to_client_channel.dart:253:21)
[custom_lint] 2025-01-22T11:43:09.890852 #1      _runUserCode (dart:async/stream_pipe.dart:11:23)
[custom_lint] 2025-01-22T11:43:09.890852 #2      Stream.firstWhere.<anonymous closure> (dart:async/stream.dart:1707:9)
[custom_lint] 2025-01-22T11:43:09.890852 #3      _rootRun (dart:async/zone.dart:1406:47)
[custom_lint] 2025-01-22T11:43:09.890852 #4      _CustomZone.run (dart:async/zone.dart:1317:19)
[custom_lint] 2025-01-22T11:43:09.890852 #5      _CustomZone.runGuarded (dart:async/zone.dart:1225:7)
[custom_lint] 2025-01-22T11:43:09.890852 #6      _BufferingStreamSubscription._sendDone.sendDone (dart:async/stream_impl.dart:419:13)
[custom_lint] 2025-01-22T11:43:09.890852 #7      _BufferingStreamSubscription._sendDone (dart:async/stream_impl.dart:429:7)
[custom_lint] 2025-01-22T11:43:09.890852 #8      _BufferingStreamSubscription._close (dart:async/stream_impl.dart:318:7)
[custom_lint] 2025-01-22T11:43:09.890852 #9      _ForwardingStream._handleDone (dart:async/stream_pipe.dart:97:10)
[custom_lint] 2025-01-22T11:43:09.890852 #10     _ForwardingStreamSubscription._handleDone (dart:async/stream_pipe.dart:159:13)
[custom_lint] 2025-01-22T11:43:09.890852 #11     _rootRun (dart:async/zone.dart:1406:47)
[custom_lint] 2025-01-22T11:43:09.890852 #12     _CustomZone.run (dart:async/zone.dart:1317:19)
[custom_lint] 2025-01-22T11:43:09.890852 #13     _CustomZone.runGuarded (dart:async/zone.dart:1225:7)
[custom_lint] 2025-01-22T11:43:09.890852 #14     _BufferingStreamSubscription._sendDone.sendDone (dart:async/stream_impl.dart:419:13)
[custom_lint] 2025-01-22T11:43:09.890852 #15     _BufferingStreamSubscription._sendDone (dart:async/stream_impl.dart:429:7)
[custom_lint] 2025-01-22T11:43:09.890852 #16     _BufferingStreamSubscription._close (dart:async/stream_impl.dart:318:7)
[custom_lint] 2025-01-22T11:43:09.890852 #17     _ForwardingStream._handleDone (dart:async/stream_pipe.dart:97:10)
[custom_lint] 2025-01-22T11:43:09.890852 #18     _ForwardingStreamSubscription._handleDone (dart:async/stream_pipe.dart:159:13)
[custom_lint] 2025-01-22T11:43:09.890852 #19     _rootRun (dart:async/zone.dart:1406:47)
[custom_lint] 2025-01-22T11:43:09.890852 #20     _CustomZone.run (dart:async/zone.dart:1317:19)
[custom_lint] 2025-01-22T11:43:09.890852 #21     _CustomZone.runGuarded (dart:async/zone.dart:1225:7)
[custom_lint] 2025-01-22T11:43:09.890852 #22     _BufferingStreamSubscription._sendDone.sendDone (dart:async/stream_impl.dart:419:13)
[custom_lint] 2025-01-22T11:43:09.890852 #23     _BufferingStreamSubscription._sendDone (dart:async/stream_impl.dart:429:7)
[custom_lint] 2025-01-22T11:43:09.890852 #24     _BufferingStreamSubscription._close (dart:async/stream_impl.dart:318:7)
[custom_lint] 2025-01-22T11:43:09.890852 #25     _ForwardingStream._handleDone (dart:async/stream_pipe.dart:97:10)
[custom_lint] 2025-01-22T11:43:09.890852 #26     _ForwardingStreamSubscription._handleDone (dart:async/stream_pipe.dart:159:13)
[custom_lint] 2025-01-22T11:43:09.890852 #27     _rootRun (dart:async/zone.dart:1406:47)
[custom_lint] 2025-01-22T11:43:09.890852 #28     _CustomZone.run (dart:async/zone.dart:1317:19)
[custom_lint] 2025-01-22T11:43:09.890852 #29     _CustomZone.runGuarded (dart:async/zone.dart:1225:7)
[custom_lint] 2025-01-22T11:43:09.890852 #30     _BufferingStreamSubscription._sendDone.sendDone (dart:async/stream_impl.dart:419:13)
[custom_lint] 2025-01-22T11:43:09.890852 #31     _BufferingStreamSubscription._sendDone (dart:async/stream_impl.dart:429:7)
[custom_lint] 2025-01-22T11:43:09.890852 #32     _BufferingStreamSubscription._close (dart:async/stream_impl.dart:318:7)
[custom_lint] 2025-01-22T11:43:09.890852 #33     _ForwardingStream._handleDone (dart:async/stream_pipe.dart:97:10)
[custom_lint] 2025-01-22T11:43:09.890852 #34     _ForwardingStreamSubscription._handleDone (dart:async/stream_pipe.dart:159:13)
[custom_lint] 2025-01-22T11:43:09.890852 #35     _rootRun (dart:async/zone.dart:1406:47)
[custom_lint] 2025-01-22T11:43:09.890852 #36     _CustomZone.run (dart:async/zone.dart:1317:19)
[custom_lint] 2025-01-22T11:43:09.890852 #37     _CustomZone.runGuarded (dart:async/zone.dart:1225:7)
[custom_lint] 2025-01-22T11:43:09.890852 #38     _BufferingStreamSubscription._sendDone.sendDone (dart:async/stream_impl.dart:419:13)
[custom_lint] 2025-01-22T11:43:09.890852 #39     _BufferingStreamSubscription._sendDone (dart:async/stream_impl.dart:429:7)
[custom_lint] 2025-01-22T11:43:09.890852 #40     _BufferingStreamSubscription._close (dart:async/stream_impl.dart:318:7)
[custom_lint] 2025-01-22T11:43:09.890852 #41     _ForwardingStream._handleDone (dart:async/stream_pipe.dart:97:10)
[custom_lint] 2025-01-22T11:43:09.890852 #42     _ForwardingStreamSubscription._handleDone (dart:async/stream_pipe.dart:159:13)
[custom_lint] 2025-01-22T11:43:09.890852 #43     _rootRun (dart:async/zone.dart:1406:47)
[custom_lint] 2025-01-22T11:43:09.890852 #44     _CustomZone.run (dart:async/zone.dart:1317:19)
[custom_lint] 2025-01-22T11:43:09.890852 #45     _CustomZone.runGuarded (dart:async/zone.dart:1225:7)
[custom_lint] 2025-01-22T11:43:09.890852 #46     _BufferingStreamSubscription._sendDone.sendDone (dart:async/stream_impl.dart:419:13)
[custom_lint] 2025-01-22T11:43:09.890852 #47     _BufferingStreamSubscription._sendDone (dart:async/stream_impl.dart:429:7)
[custom_lint] 2025-01-22T11:43:09.890852 #48     _BufferingStreamSubscription._close (dart:async/stream_impl.dart:318:7)
[custom_lint] 2025-01-22T11:43:09.890852 #49     _ForwardingStream._handleDone (dart:async/stream_pipe.dart:97:10)
[custom_lint] 2025-01-22T11:43:09.890852 #50     _ForwardingStreamSubscription._handleDone (dart:async/stream_pipe.dart:159:13)
[custom_lint] 2025-01-22T11:43:09.890852 #51     _rootRun (dart:async/zone.dart:1406:47)
[custom_lint] 2025-01-22T11:43:09.890852 #52     _CustomZone.run (dart:async/zone.dart:1317:19)
[custom_lint] 2025-01-22T11:43:09.890852 #53     _CustomZone.runGuarded (dart:async/zone.dart:1225:7)
[custom_lint] 2025-01-22T11:43:09.890852 #54     _BufferingStreamSubscription._sendDone.sendDone (dart:async/stream_impl.dart:419:13)
[custom_lint] 2025-01-22T11:43:09.890852 #55     _BufferingStreamSubscription._sendDone (dart:async/stream_impl.dart:429:7)
[custom_lint] 2025-01-22T11:43:09.890852 #56     _BufferingStreamSubscription._close (dart:async/stream_impl.dart:318:7)
[custom_lint] 2025-01-22T11:43:09.890852 #57     _ForwardingStream._handleDone (dart:async/stream_pipe.dart:97:10)
[custom_lint] 2025-01-22T11:43:09.890852 #58     _ForwardingStreamSubscription._handleDone (dart:async/stream_pipe.dart:159:13)
[custom_lint] 2025-01-22T11:43:09.890852 #59     _rootRun (dart:async/zone.dart:1406:47)
[custom_lint] 2025-01-22T11:43:09.890852 #60     _CustomZone.run (dart:async/zone.dart:1317:19)
[custom_lint] 2025-01-22T11:43:09.890852 #61     _CustomZone.runGuarded (dart:async/zone.dart:1225:7)
[custom_lint] 2025-01-22T11:43:09.890852 #62     _DoneStreamSubscription._onMicrotask (dart:async/stream_impl.dart:778:15)
[custom_lint] 2025-01-22T11:43:09.890852 #63     _rootRun (dart:async/zone.dart:1406:47)
[custom_lint] 2025-01-22T11:43:09.890852 #64     _CustomZone.run (dart:async/zone.dart:1317:19)
[custom_lint] 2025-01-22T11:43:09.890852 #65     _CustomZone.runGuarded (dart:async/zone.dart:1225:7)
[custom_lint] 2025-01-22T11:43:09.890852 #66     _CustomZone.bindCallbackGuarded.<anonymous closure> (dart:async/zone.dart:1265:23)
[custom_lint] 2025-01-22T11:43:09.890852 #67     _rootRun (dart:async/zone.dart:1414:13)
[custom_lint] 2025-01-22T11:43:09.890852 #68     _CustomZone.run (dart:async/zone.dart:1317:19)
[custom_lint] 2025-01-22T11:43:09.890852 #69     _CustomZone.runGuarded (dart:async/zone.dart:1225:7)
[custom_lint] 2025-01-22T11:43:09.890852 #70     _CustomZone.bindCallbackGuarded.<anonymous closure> (dart:async/zone.dart:1265:23)
[custom_lint] 2025-01-22T11:43:09.890852 #71     _microtaskLoop (dart:async/schedule_microtask.dart:40:21)
[custom_lint] 2025-01-22T11:43:09.890852 #72     _startMicrotaskLoop (dart:async/schedule_microtask.dart:49:5)
[custom_lint] 2025-01-22T11:43:09.890852 #73     _runPendingImmediateCallback (dart:isolate-patch/isolate_patch.dart:118:13)
[custom_lint] 2025-01-22T11:43:09.890852 #74     _RawReceivePort._handleMessage (dart:isolate-patch/isolate_patch.dart:185:5)
[custom_lint] 2025-01-22T11:43:09.890852
The request analysis.updateContent failed with the following error:
RequestErrorCode.PLUGIN_ERROR
Bad state: No response for request CustomLintRequest.analyzerPluginRequest(request: Instance of 'Request', id: 84)
at:
#0      SocketCustomLintServerToClientChannel.sendCustomLintRequest.<anonymous closure> (package:custom_lint/src/v2/server_to_client_channel.dart:253:21)
#1      _runUserCode (dart:async/stream_pipe.dart:11:23)
#2      Stream.firstWhere.<anonymous closure> (dart:async/stream.dart:1707:9)
#3      _rootRun (dart:async/zone.dart:1406:47)
#4      _CustomZone.run (dart:async/zone.dart:1317:19)
#5      _CustomZone.runGuarded (dart:async/zone.dart:1225:7)
#6      _BufferingStreamSubscription._sendDone.sendDone (dart:async/stream_impl.dart:419:13)
#7      _BufferingStreamSubscription._sendDone (dart:async/stream_impl.dart:429:7)
#8      _BufferingStreamSubscription._close (dart:async/stream_impl.dart:318:7)
#9      _ForwardingStream._handleDone (dart:async/stream_pipe.dart:97:10)
#10     _ForwardingStreamSubscription._handleDone (dart:async/stream_pipe.dart:159:13)
#11     _rootRun (dart:async/zone.dart:1406:47)
#12     _CustomZone.run (dart:async/zone.dart:1317:19)
#13     _CustomZone.runGuarded (dart:async/zone.dart:1225:7)
#14     _BufferingStreamSubscription._sendDone.sendDone (dart:async/stream_impl.dart:419:13)
#15     _BufferingStreamSubscription._sendDone (dart:async/stream_impl.dart:429:7)
#16     _BufferingStreamSubscription._close (dart:async/stream_impl.dart:318:7)
#17     _ForwardingStream._handleDone (dart:async/stream_pipe.dart:97:10)
#18     _ForwardingStreamSubscription._handleDone (dart:async/stream_pipe.dart:159:13)
#19     _rootRun (dart:async/zone.dart:1406:47)
#20     _CustomZone.run (dart:async/zone.dart:1317:19)
#21     _CustomZone.runGuarded (dart:async/zone.dart:1225:7)
#22     _BufferingStreamSubscription._sendDone.sendDone (dart:async/stream_impl.dart:419:13)
#23     _BufferingStreamSubscription._sendDone (dart:async/stream_impl.dart:429:7)
#24     _BufferingStreamSubscription._close (dart:async/stream_impl.dart:318:7)
#25     _ForwardingStream._handleDone (dart:async/stream_pipe.dart:97:10)
#26     _ForwardingStreamSubscription._handleDone (dart:async/stream_pipe.dart:159:13)
#27     _rootRun (dart:async/zone.dart:1406:47)
#28     _CustomZone.run (dart:async/zone.dart:1317:19)
#29     _CustomZone.runGuarded (dart:async/zone.dart:1225:7)
#30     _BufferingStreamSubscription._sendDone.sendDone (dart:async/stream_impl.dart:419:13)
#31     _BufferingStreamSubscription._sendDone (dart:async/stream_impl.dart:429:7)
#32     _BufferingStreamSubscription._close (dart:async/stream_impl.dart:318:7)
#33     _ForwardingStream._handleDone (dart:async/stream_pipe.dart:97:10)
#34     _ForwardingStreamSubscription._handleDone (dart:async/stream_pipe.dart:159:13)
#35     _rootRun (dart:async/zone.dart:1406:47)
#36     _CustomZone.run (dart:async/zone.dart:1317:19)
#37     _CustomZone.runGuarded (dart:async/zone.dart:1225:7)
#38     _BufferingStreamSubscription._sendDone.sendDone (dart:async/stream_impl.dart:419:13)
#39     _BufferingStreamSubscription._sendDone (dart:async/stream_impl.dart:429:7)
#40     _BufferingStreamSubscription._close (dart:async/stream_impl.dart:318:7)
#41     _ForwardingStream._handleDone (dart:async/stream_pipe.dart:97:10)
#42     _ForwardingStreamSubscription._handleDone (dart:async/stream_pipe.dart:159:13)
#43     _rootRun (dart:async/zone.dart:1406:47)
#44     _CustomZone.run (dart:async/zone.dart:1317:19)
#45     _CustomZone.runGuarded (dart:async/zone.dart:1225:7)
#46     _BufferingStreamSubscription._sendDone.sendDone (dart:async/stream_impl.dart:419:13)
#47     _BufferingStreamSubscription._sendDone (dart:async/stream_impl.dart:429:7)
#48     _BufferingStreamSubscription._close (dart:async/stream_impl.dart:318:7)
#49     _ForwardingStream._handleDone (dart:async/stream_pipe.dart:97:10)
#50     _ForwardingStreamSubscription._handleDone (dart:async/stream_pipe.dart:159:13)
#51     _rootRun (dart:async/zone.dart:1406:47)
#52     _CustomZone.run (dart:async/zone.dart:1317:19)
#53     _CustomZone.runGuarded (dart:async/zone.dart:1225:7)
#54     _BufferingStreamSubscription._sendDone.sendDone (dart:async/stream_impl.dart:419:13)
#55     _BufferingStreamSubscription._sendDone (dart:async/stream_impl.dart:429:7)
#56     _BufferingStreamSubscription._close (dart:async/stream_impl.dart:318:7)
#57     _ForwardingStream._handleDone (dart:async/stream_pipe.dart:97:10)
#58     _ForwardingStreamSubscription._handleDone (dart:async/stream_pipe.dart:159:13)
#59     _rootRun (dart:async/zone.dart:1406:47)
#60     _CustomZone.run (dart:async/zone.dart:1317:19)
#61     _CustomZone.runGuarded (dart:async/zone.dart:1225:7)
#62     _DoneStreamSubscription._onMicrotask (dart:async/stream_impl.dart:778:15)
#63     _rootRun (dart:async/zone.dart:1406:47)
#64     _CustomZone.run (dart:async/zone.dart:1317:19)
#65     _CustomZone.runGuarded (dart:async/zone.dart:1225:7)
#66     _CustomZone.bindCallbackGuarded.<anonymous closure> (dart:async/zone.dart:1265:23)
#67     _rootRun (dart:async/zone.dart:1414:13)
#68     _CustomZone.run (dart:async/zone.dart:1317:19)
#69     _CustomZone.runGuarded (dart:async/zone.dart:1225:7)
#70     _CustomZone.bindCallbackGuarded.<anonymous closure> (dart:async/zone.dart:1265:23)
#71     _microtaskLoop (dart:async/schedule_microtask.dart:40:21)
#72     _startMicrotaskLoop (dart:async/schedule_microtask.dart:49:5)
#73     _runPendingImmediateCallback (dart:isolate-patch/isolate_patch.dart:118:13)
#74     _RawReceivePort._handleMessage (dart:isolate-patch/isolate_patch.dart:185:5)

[custom_lint] 2025-01-22T11:43:09.931842 Bad state: No response for request CustomLintRequest.analyzerPluginRequest(request: Instance of 'Request', id: 85)
[custom_lint] 2025-01-22T11:43:09.931842 #0      SocketCustomLintServerToClientChannel.sendCustomLintRequest.<anonymous closure> (package:custom_lint/src/v2/server_to_client_channel.dart:253:21)
[custom_lint] 2025-01-22T11:43:09.931842 #1      _runUserCode (dart:async/stream_pipe.dart:11:23)
[custom_lint] 2025-01-22T11:43:09.931842 #2      Stream.firstWhere.<anonymous closure> (dart:async/stream.dart:1707:9)
[custom_lint] 2025-01-22T11:43:09.931842 #3      _rootRun (dart:async/zone.dart:1406:47)
[custom_lint] 2025-01-22T11:43:09.931842 #4      _CustomZone.run (dart:async/zone.dart:1317:19)
[custom_lint] 2025-01-22T11:43:09.931842 #5      _CustomZone.runGuarded (dart:async/zone.dart:1225:7)
[custom_lint] 2025-01-22T11:43:09.931842 #6      _BufferingStreamSubscription._sendDone.sendDone (dart:async/stream_impl.dart:419:13)
[custom_lint] 2025-01-22T11:43:09.931842 #7      _BufferingStreamSubscription._sendDone (dart:async/stream_impl.dart:429:7)
[custom_lint] 2025-01-22T11:43:09.931842 #8      _BufferingStreamSubscription._close (dart:async/stream_impl.dart:318:7)
[custom_lint] 2025-01-22T11:43:09.931842 #9      _ForwardingStream._handleDone (dart:async/stream_pipe.dart:97:10)
[custom_lint] 2025-01-22T11:43:09.931842 #10     _ForwardingStreamSubscription._handleDone (dart:async/stream_pipe.dart:159:13)
[custom_lint] 2025-01-22T11:43:09.931842 #11     _rootRun (dart:async/zone.dart:1406:47)
[custom_lint] 2025-01-22T11:43:09.931842 #12     _CustomZone.run (dart:async/zone.dart:1317:19)
[custom_lint] 2025-01-22T11:43:09.931842 #13     _CustomZone.runGuarded (dart:async/zone.dart:1225:7)
[custom_lint] 2025-01-22T11:43:09.931842 #14     _BufferingStreamSubscription._sendDone.sendDone (dart:async/stream_impl.dart:419:13)
[custom_lint] 2025-01-22T11:43:09.931842 #15     _BufferingStreamSubscription._sendDone (dart:async/stream_impl.dart:429:7)
[custom_lint] 2025-01-22T11:43:09.931842 #16     _BufferingStreamSubscription._close (dart:async/stream_impl.dart:318:7)
[custom_lint] 2025-01-22T11:43:09.931842 #17     _ForwardingStream._handleDone (dart:async/stream_pipe.dart:97:10)
[custom_lint] 2025-01-22T11:43:09.931842 #18     _ForwardingStreamSubscription._handleDone (dart:async/stream_pipe.dart:159:13)
[custom_lint] 2025-01-22T11:43:09.931842 #19     _rootRun (dart:async/zone.dart:1406:47)
[custom_lint] 2025-01-22T11:43:09.931842 #20     _CustomZone.run (dart:async/zone.dart:1317:19)
[custom_lint] 2025-01-22T11:43:09.931842 #21     _CustomZone.runGuarded (dart:async/zone.dart:1225:7)
[custom_lint] 2025-01-22T11:43:09.931842 #22     _BufferingStreamSubscription._sendDone.sendDone (dart:async/stream_impl.dart:419:13)
[custom_lint] 2025-01-22T11:43:09.931842 #23     _BufferingStreamSubscription._sendDone (dart:async/stream_impl.dart:429:7)
[custom_lint] 2025-01-22T11:43:09.931842 #24     _BufferingStreamSubscription._close (dart:async/stream_impl.dart:318:7)
[custom_lint] 2025-01-22T11:43:09.931842 #25     _ForwardingStream._handleDone (dart:async/stream_pipe.dart:97:10)
[custom_lint] 2025-01-22T11:43:09.931842 #26     _ForwardingStreamSubscription._handleDone (dart:async/stream_pipe.dart:159:13)
[custom_lint] 2025-01-22T11:43:09.931842 #27     _rootRun (dart:async/zone.dart:1406:47)
[custom_lint] 2025-01-22T11:43:09.931842 #28     _CustomZone.run (dart:async/zone.dart:1317:19)
[custom_lint] 2025-01-22T11:43:09.931842 #29     _CustomZone.runGuarded (dart:async/zone.dart:1225:7)
[custom_lint] 2025-01-22T11:43:09.931842 #30     _BufferingStreamSubscription._sendDone.sendDone (dart:async/stream_impl.dart:419:13)
[custom_lint] 2025-01-22T11:43:09.931842 #31     _BufferingStreamSubscription._sendDone (dart:async/stream_impl.dart:429:7)
[custom_lint] 2025-01-22T11:43:09.931842 #32     _BufferingStreamSubscription._close (dart:async/stream_impl.dart:318:7)
[custom_lint] 2025-01-22T11:43:09.931842 #33     _ForwardingStream._handleDone (dart:async/stream_pipe.dart:97:10)
[custom_lint] 2025-01-22T11:43:09.931842 #34     _ForwardingStreamSubscription._handleDone (dart:async/stream_pipe.dart:159:13)
[custom_lint] 2025-01-22T11:43:09.931842 #35     _rootRun (dart:async/zone.dart:1406:47)
[custom_lint] 2025-01-22T11:43:09.931842 #36     _CustomZone.run (dart:async/zone.dart:1317:19)
[custom_lint] 2025-01-22T11:43:09.931842 #37     _CustomZone.runGuarded (dart:async/zone.dart:1225:7)
[custom_lint] 2025-01-22T11:43:09.931842 #38     _BufferingStreamSubscription._sendDone.sendDone (dart:async/stream_impl.dart:419:13)
[custom_lint] 2025-01-22T11:43:09.931842 #39     _BufferingStreamSubscription._sendDone (dart:async/stream_impl.dart:429:7)
[custom_lint] 2025-01-22T11:43:09.931842 #40     _BufferingStreamSubscription._close (dart:async/stream_impl.dart:318:7)
[custom_lint] 2025-01-22T11:43:09.931842 #41     _ForwardingStream._handleDone (dart:async/stream_pipe.dart:97:10)
[custom_lint] 2025-01-22T11:43:09.931842 #42     _ForwardingStreamSubscription._handleDone (dart:async/stream_pipe.dart:159:13)
[custom_lint] 2025-01-22T11:43:09.931842 #43     _rootRun (dart:async/zone.dart:1406:47)
[custom_lint] 2025-01-22T11:43:09.931842 #44     _CustomZone.run (dart:async/zone.dart:1317:19)
[custom_lint] 2025-01-22T11:43:09.931842 #45     _CustomZone.runGuarded (dart:async/zone.dart:1225:7)
[custom_lint] 2025-01-22T11:43:09.931842 #46     _BufferingStreamSubscription._sendDone.sendDone (dart:async/stream_impl.dart:419:13)
[custom_lint] 2025-01-22T11:43:09.931842 #47     _BufferingStreamSubscription._sendDone (dart:async/stream_impl.dart:429:7)
[custom_lint] 2025-01-22T11:43:09.931842 #48     _BufferingStreamSubscription._close (dart:async/stream_impl.dart:318:7)
[custom_lint] 2025-01-22T11:43:09.931842 #49     _ForwardingStream._handleDone (dart:async/stream_pipe.dart:97:10)
[custom_lint] 2025-01-22T11:43:09.931842 #50     _ForwardingStreamSubscription._handleDone (dart:async/stream_pipe.dart:159:13)
[custom_lint] 2025-01-22T11:43:09.931842 #51     _rootRun (dart:async/zone.dart:1406:47)
[custom_lint] 2025-01-22T11:43:09.931842 #52     _CustomZone.run (dart:async/zone.dart:1317:19)
[custom_lint] 2025-01-22T11:43:09.931842 #53     _CustomZone.runGuarded (dart:async/zone.dart:1225:7)
[custom_lint] 2025-01-22T11:43:09.931842 #54     _BufferingStreamSubscription._sendDone.sendDone (dart:async/stream_impl.dart:419:13)
[custom_lint] 2025-01-22T11:43:09.931842 #55     _BufferingStreamSubscription._sendDone (dart:async/stream_impl.dart:429:7)
[custom_lint] 2025-01-22T11:43:09.931842 #56     _BufferingStreamSubscription._close (dart:async/stream_impl.dart:318:7)
[custom_lint] 2025-01-22T11:43:09.931842 #57     _ForwardingStream._handleDone (dart:async/stream_pipe.dart:97:10)
[custom_lint] 2025-01-22T11:43:09.931842 #58     _ForwardingStreamSubscription._handleDone (dart:async/stream_pipe.dart:159:13)
[custom_lint] 2025-01-22T11:43:09.931842 #59     _rootRun (dart:async/zone.dart:1406:47)
[custom_lint] 2025-01-22T11:43:09.931842 #60     _CustomZone.run (dart:async/zone.dart:1317:19)
[custom_lint] 2025-01-22T11:43:09.931842 #61     _CustomZone.runGuarded (dart:async/zone.dart:1225:7)
[custom_lint] 2025-01-22T11:43:09.931842 #62     _DoneStreamSubscription._onMicrotask (dart:async/stream_impl.dart:778:15)
[custom_lint] 2025-01-22T11:43:09.931842 #63     _rootRun (dart:async/zone.dart:1406:47)
[custom_lint] 2025-01-22T11:43:09.931842 #64     _CustomZone.run (dart:async/zone.dart:1317:19)
[custom_lint] 2025-01-22T11:43:09.931842 #65     _CustomZone.runGuarded (dart:async/zone.dart:1225:7)
[custom_lint] 2025-01-22T11:43:09.931842 #66     _CustomZone.bindCallbackGuarded.<anonymous closure> (dart:async/zone.dart:1265:23)
[custom_lint] 2025-01-22T11:43:09.931842 #67     _rootRun (dart:async/zone.dart:1414:13)
[custom_lint] 2025-01-22T11:43:09.931842 #68     _CustomZone.run (dart:async/zone.dart:1317:19)
[custom_lint] 2025-01-22T11:43:09.931842 #69     _CustomZone.runGuarded (dart:async/zone.dart:1225:7)
[custom_lint] 2025-01-22T11:43:09.931842 #70     _CustomZone.bindCallbackGuarded.<anonymous closure> (dart:async/zone.dart:1265:23)
[custom_lint] 2025-01-22T11:43:09.931842 #71     _microtaskLoop (dart:async/schedule_microtask.dart:40:21)
[custom_lint] 2025-01-22T11:43:09.931842 #72     _startMicrotaskLoop (dart:async/schedule_microtask.dart:49:5)
[custom_lint] 2025-01-22T11:43:09.931842 #73     _runPendingImmediateCallback (dart:isolate-patch/isolate_patch.dart:118:13)
[custom_lint] 2025-01-22T11:43:09.931842 #74     _RawReceivePort._handleMessage (dart:isolate-patch/isolate_patch.dart:185:5)
[custom_lint] 2025-01-22T11:43:09.931842
The request analysis.setPriorityFiles failed with the following error:
RequestErrorCode.PLUGIN_ERROR
Bad state: No response for request CustomLintRequest.analyzerPluginRequest(request: Instance of 'Request', id: 85)
at:
#0      SocketCustomLintServerToClientChannel.sendCustomLintRequest.<anonymous closure> (package:custom_lint/src/v2/server_to_client_channel.dart:253:21)
#1      _runUserCode (dart:async/stream_pipe.dart:11:23)
#2      Stream.firstWhere.<anonymous closure> (dart:async/stream.dart:1707:9)
#3      _rootRun (dart:async/zone.dart:1406:47)
#4      _CustomZone.run (dart:async/zone.dart:1317:19)
#5      _CustomZone.runGuarded (dart:async/zone.dart:1225:7)
#6      _BufferingStreamSubscription._sendDone.sendDone (dart:async/stream_impl.dart:419:13)
#7      _BufferingStreamSubscription._sendDone (dart:async/stream_impl.dart:429:7)
#8      _BufferingStreamSubscription._close (dart:async/stream_impl.dart:318:7)
#9      _ForwardingStream._handleDone (dart:async/stream_pipe.dart:97:10)
#10     _ForwardingStreamSubscription._handleDone (dart:async/stream_pipe.dart:159:13)
#11     _rootRun (dart:async/zone.dart:1406:47)
#12     _CustomZone.run (dart:async/zone.dart:1317:19)
#13     _CustomZone.runGuarded (dart:async/zone.dart:1225:7)
#14     _BufferingStreamSubscription._sendDone.sendDone (dart:async/stream_impl.dart:419:13)
#15     _BufferingStreamSubscription._sendDone (dart:async/stream_impl.dart:429:7)
#16     _BufferingStreamSubscription._close (dart:async/stream_impl.dart:318:7)
#17     _ForwardingStream._handleDone (dart:async/stream_pipe.dart:97:10)
#18     _ForwardingStreamSubscription._handleDone (dart:async/stream_pipe.dart:159:13)
#19     _rootRun (dart:async/zone.dart:1406:47)
#20     _CustomZone.run (dart:async/zone.dart:1317:19)
#21     _CustomZone.runGuarded (dart:async/zone.dart:1225:7)
#22     _BufferingStreamSubscription._sendDone.sendDone (dart:async/stream_impl.dart:419:13)
#23     _BufferingStreamSubscription._sendDone (dart:async/stream_impl.dart:429:7)
#24     _BufferingStreamSubscription._close (dart:async/stream_impl.dart:318:7)
#25     _ForwardingStream._handleDone (dart:async/stream_pipe.dart:97:10)
#26     _ForwardingStreamSubscription._handleDone (dart:async/stream_pipe.dart:159:13)
#27     _rootRun (dart:async/zone.dart:1406:47)
#28     _CustomZone.run (dart:async/zone.dart:1317:19)
#29     _CustomZone.runGuarded (dart:async/zone.dart:1225:7)
#30     _BufferingStreamSubscription._sendDone.sendDone (dart:async/stream_impl.dart:419:13)
#31     _BufferingStreamSubscription._sendDone (dart:async/stream_impl.dart:429:7)
#32     _BufferingStreamSubscription._close (dart:async/stream_impl.dart:318:7)
#33     _ForwardingStream._handleDone (dart:async/stream_pipe.dart:97:10)
#34     _ForwardingStreamSubscription._handleDone (dart:async/stream_pipe.dart:159:13)
#35     _rootRun (dart:async/zone.dart:1406:47)
#36     _CustomZone.run (dart:async/zone.dart:1317:19)
#37     _CustomZone.runGuarded (dart:async/zone.dart:1225:7)
#38     _BufferingStreamSubscription._sendDone.sendDone (dart:async/stream_impl.dart:419:13)
#39     _BufferingStreamSubscription._sendDone (dart:async/stream_impl.dart:429:7)
#40     _BufferingStreamSubscription._close (dart:async/stream_impl.dart:318:7)
#41     _ForwardingStream._handleDone (dart:async/stream_pipe.dart:97:10)
#42     _ForwardingStreamSubscription._handleDone (dart:async/stream_pipe.dart:159:13)
#43     _rootRun (dart:async/zone.dart:1406:47)
#44     _CustomZone.run (dart:async/zone.dart:1317:19)
#45     _CustomZone.runGuarded (dart:async/zone.dart:1225:7)
#46     _BufferingStreamSubscription._sendDone.sendDone (dart:async/stream_impl.dart:419:13)
#47     _BufferingStreamSubscription._sendDone (dart:async/stream_impl.dart:429:7)
#48     _BufferingStreamSubscription._close (dart:async/stream_impl.dart:318:7)
#49     _ForwardingStream._handleDone (dart:async/stream_pipe.dart:97:10)
#50     _ForwardingStreamSubscription._handleDone (dart:async/stream_pipe.dart:159:13)
#51     _rootRun (dart:async/zone.dart:1406:47)
#52     _CustomZone.run (dart:async/zone.dart:1317:19)
#53     _CustomZone.runGuarded (dart:async/zone.dart:1225:7)
#54     _BufferingStreamSubscription._sendDone.sendDone (dart:async/stream_impl.dart:419:13)
#55     _BufferingStreamSubscription._sendDone (dart:async/stream_impl.dart:429:7)
#56     _BufferingStreamSubscription._close (dart:async/stream_impl.dart:318:7)
#57     _ForwardingStream._handleDone (dart:async/stream_pipe.dart:97:10)
#58     _ForwardingStreamSubscription._handleDone (dart:async/stream_pipe.dart:159:13)
#59     _rootRun (dart:async/zone.dart:1406:47)
#60     _CustomZone.run (dart:async/zone.dart:1317:19)
#61     _CustomZone.runGuarded (dart:async/zone.dart:1225:7)
#62     _DoneStreamSubscription._onMicrotask (dart:async/stream_impl.dart:778:15)
#63     _rootRun (dart:async/zone.dart:1406:47)
#64     _CustomZone.run (dart:async/zone.dart:1317:19)
#65     _CustomZone.runGuarded (dart:async/zone.dart:1225:7)
#66     _CustomZone.bindCallbackGuarded.<anonymous closure> (dart:async/zone.dart:1265:23)
#67     _rootRun (dart:async/zone.dart:1414:13)
#68     _CustomZone.run (dart:async/zone.dart:1317:19)
#69     _CustomZone.runGuarded (dart:async/zone.dart:1225:7)
#70     _CustomZone.bindCallbackGuarded.<anonymous closure> (dart:async/zone.dart:1265:23)
#71     _microtaskLoop (dart:async/schedule_microtask.dart:40:21)
#72     _startMicrotaskLoop (dart:async/schedule_microtask.dart:49:5)
#73     _runPendingImmediateCallback (dart:isolate-patch/isolate_patch.dart:118:13)
#74     _RawReceivePort._handleMessage (dart:isolate-patch/isolate_patch.dart:185:5)

[custom_lint] 2025-01-22T11:43:09.932829 Bad state: No response for request CustomLintRequest.analyzerPluginRequest(request: Instance of 'Request', id: 86)
[custom_lint] 2025-01-22T11:43:09.932829 #0      SocketCustomLintServerToClientChannel.sendCustomLintRequest.<anonymous closure> (package:custom_lint/src/v2/server_to_client_channel.dart:253:21)
[custom_lint] 2025-01-22T11:43:09.932829 #1      _runUserCode (dart:async/stream_pipe.dart:11:23)
[custom_lint] 2025-01-22T11:43:09.932829 #2      Stream.firstWhere.<anonymous closure> (dart:async/stream.dart:1707:9)
[custom_lint] 2025-01-22T11:43:09.932829 #3      _rootRun (dart:async/zone.dart:1406:47)
[custom_lint] 2025-01-22T11:43:09.932829 #4      _CustomZone.run (dart:async/zone.dart:1317:19)
[custom_lint] 2025-01-22T11:43:09.932829 #5      _CustomZone.runGuarded (dart:async/zone.dart:1225:7)
[custom_lint] 2025-01-22T11:43:09.932829 #6      _BufferingStreamSubscription._sendDone.sendDone (dart:async/stream_impl.dart:419:13)
[custom_lint] 2025-01-22T11:43:09.932829 #7      _BufferingStreamSubscription._sendDone (dart:async/stream_impl.dart:429:7)
[custom_lint] 2025-01-22T11:43:09.932829 #8      _BufferingStreamSubscription._close (dart:async/stream_impl.dart:318:7)
[custom_lint] 2025-01-22T11:43:09.932829 #9      _ForwardingStream._handleDone (dart:async/stream_pipe.dart:97:10)
[custom_lint] 2025-01-22T11:43:09.932829 #10     _ForwardingStreamSubscription._handleDone (dart:async/stream_pipe.dart:159:13)
[custom_lint] 2025-01-22T11:43:09.932829 #11     _rootRun (dart:async/zone.dart:1406:47)
[custom_lint] 2025-01-22T11:43:09.932829 #12     _CustomZone.run (dart:async/zone.dart:1317:19)
[custom_lint] 2025-01-22T11:43:09.932829 #13     _CustomZone.runGuarded (dart:async/zone.dart:1225:7)
[custom_lint] 2025-01-22T11:43:09.932829 #14     _BufferingStreamSubscription._sendDone.sendDone (dart:async/stream_impl.dart:419:13)
[custom_lint] 2025-01-22T11:43:09.932829 #15     _BufferingStreamSubscription._sendDone (dart:async/stream_impl.dart:429:7)
[custom_lint] 2025-01-22T11:43:09.932829 #16     _BufferingStreamSubscription._close (dart:async/stream_impl.dart:318:7)
[custom_lint] 2025-01-22T11:43:09.932829 #17     _ForwardingStream._handleDone (dart:async/stream_pipe.dart:97:10)
[custom_lint] 2025-01-22T11:43:09.932829 #18     _ForwardingStreamSubscription._handleDone (dart:async/stream_pipe.dart:159:13)
[custom_lint] 2025-01-22T11:43:09.932829 #19     _rootRun (dart:async/zone.dart:1406:47)
[custom_lint] 2025-01-22T11:43:09.932829 #20     _CustomZone.run (dart:async/zone.dart:1317:19)
[custom_lint] 2025-01-22T11:43:09.932829 #21     _CustomZone.runGuarded (dart:async/zone.dart:1225:7)
[custom_lint] 2025-01-22T11:43:09.932829 #22     _BufferingStreamSubscription._sendDone.sendDone (dart:async/stream_impl.dart:419:13)
[custom_lint] 2025-01-22T11:43:09.932829 #23     _BufferingStreamSubscription._sendDone (dart:async/stream_impl.dart:429:7)
[custom_lint] 2025-01-22T11:43:09.932829 #24     _BufferingStreamSubscription._close (dart:async/stream_impl.dart:318:7)
[custom_lint] 2025-01-22T11:43:09.932829 #25     _ForwardingStream._handleDone (dart:async/stream_pipe.dart:97:10)
[custom_lint] 2025-01-22T11:43:09.932829 #26     _ForwardingStreamSubscription._handleDone (dart:async/stream_pipe.dart:159:13)
[custom_lint] 2025-01-22T11:43:09.932829 #27     _rootRun (dart:async/zone.dart:1406:47)
[custom_lint] 2025-01-22T11:43:09.932829 #28     _CustomZone.run (dart:async/zone.dart:1317:19)
[custom_lint] 2025-01-22T11:43:09.932829 #29     _CustomZone.runGuarded (dart:async/zone.dart:1225:7)
[custom_lint] 2025-01-22T11:43:09.932829 #30     _BufferingStreamSubscription._sendDone.sendDone (dart:async/stream_impl.dart:419:13)
[custom_lint] 2025-01-22T11:43:09.932829 #31     _BufferingStreamSubscription._sendDone (dart:async/stream_impl.dart:429:7)
[custom_lint] 2025-01-22T11:43:09.932829 #32     _BufferingStreamSubscription._close (dart:async/stream_impl.dart:318:7)
[custom_lint] 2025-01-22T11:43:09.932829 #33     _ForwardingStream._handleDone (dart:async/stream_pipe.dart:97:10)
[custom_lint] 2025-01-22T11:43:09.932829 #34     _ForwardingStreamSubscription._handleDone (dart:async/stream_pipe.dart:159:13)
[custom_lint] 2025-01-22T11:43:09.932829 #35     _rootRun (dart:async/zone.dart:1406:47)
[custom_lint] 2025-01-22T11:43:09.932829 #36     _CustomZone.run (dart:async/zone.dart:1317:19)
[custom_lint] 2025-01-22T11:43:09.932829 #37     _CustomZone.runGuarded (dart:async/zone.dart:1225:7)
[custom_lint] 2025-01-22T11:43:09.932829 #38     _BufferingStreamSubscription._sendDone.sendDone (dart:async/stream_impl.dart:419:13)
[custom_lint] 2025-01-22T11:43:09.932829 #39     _BufferingStreamSubscription._sendDone (dart:async/stream_impl.dart:429:7)
[custom_lint] 2025-01-22T11:43:09.932829 #40     _BufferingStreamSubscription._close (dart:async/stream_impl.dart:318:7)
[custom_lint] 2025-01-22T11:43:09.932829 #41     _ForwardingStream._handleDone (dart:async/stream_pipe.dart:97:10)
[custom_lint] 2025-01-22T11:43:09.932829 #42     _ForwardingStreamSubscription._handleDone (dart:async/stream_pipe.dart:159:13)
[custom_lint] 2025-01-22T11:43:09.932829 #43     _rootRun (dart:async/zone.dart:1406:47)
[custom_lint] 2025-01-22T11:43:09.932829 #44     _CustomZone.run (dart:async/zone.dart:1317:19)
[custom_lint] 2025-01-22T11:43:09.932829 #45     _CustomZone.runGuarded (dart:async/zone.dart:1225:7)
[custom_lint] 2025-01-22T11:43:09.932829 #46     _BufferingStreamSubscription._sendDone.sendDone (dart:async/stream_impl.dart:419:13)
[custom_lint] 2025-01-22T11:43:09.932829 #47     _BufferingStreamSubscription._sendDone (dart:async/stream_impl.dart:429:7)
[custom_lint] 2025-01-22T11:43:09.932829 #48     _BufferingStreamSubscription._close (dart:async/stream_impl.dart:318:7)
[custom_lint] 2025-01-22T11:43:09.932829 #49     _ForwardingStream._handleDone (dart:async/stream_pipe.dart:97:10)
[custom_lint] 2025-01-22T11:43:09.932829 #50     _ForwardingStreamSubscription._handleDone (dart:async/stream_pipe.dart:159:13)
[custom_lint] 2025-01-22T11:43:09.932829 #51     _rootRun (dart:async/zone.dart:1406:47)
[custom_lint] 2025-01-22T11:43:09.932829 #52     _CustomZone.run (dart:async/zone.dart:1317:19)
[custom_lint] 2025-01-22T11:43:09.932829 #53     _CustomZone.runGuarded (dart:async/zone.dart:1225:7)
[custom_lint] 2025-01-22T11:43:09.932829 #54     _BufferingStreamSubscription._sendDone.sendDone (dart:async/stream_impl.dart:419:13)
[custom_lint] 2025-01-22T11:43:09.932829 #55     _BufferingStreamSubscription._sendDone (dart:async/stream_impl.dart:429:7)
[custom_lint] 2025-01-22T11:43:09.932829 #56     _BufferingStreamSubscription._close (dart:async/stream_impl.dart:318:7)
[custom_lint] 2025-01-22T11:43:09.932829 #57     _ForwardingStream._handleDone (dart:async/stream_pipe.dart:97:10)
[custom_lint] 2025-01-22T11:43:09.932829 #58     _ForwardingStreamSubscription._handleDone (dart:async/stream_pipe.dart:159:13)
[custom_lint] 2025-01-22T11:43:09.932829 #59     _rootRun (dart:async/zone.dart:1406:47)
[custom_lint] 2025-01-22T11:43:09.932829 #60     _CustomZone.run (dart:async/zone.dart:1317:19)
[custom_lint] 2025-01-22T11:43:09.932829 #61     _CustomZone.runGuarded (dart:async/zone.dart:1225:7)
[custom_lint] 2025-01-22T11:43:09.932829 #62     _DoneStreamSubscription._onMicrotask (dart:async/stream_impl.dart:778:15)
[custom_lint] 2025-01-22T11:43:09.932829 #63     _rootRun (dart:async/zone.dart:1406:47)
[custom_lint] 2025-01-22T11:43:09.932829 #64     _CustomZone.run (dart:async/zone.dart:1317:19)
[custom_lint] 2025-01-22T11:43:09.932829 #65     _CustomZone.runGuarded (dart:async/zone.dart:1225:7)
[custom_lint] 2025-01-22T11:43:09.932829 #66     _CustomZone.bindCallbackGuarded.<anonymous closure> (dart:async/zone.dart:1265:23)
[custom_lint] 2025-01-22T11:43:09.932829 #67     _rootRun (dart:async/zone.dart:1414:13)
[custom_lint] 2025-01-22T11:43:09.932829 #68     _CustomZone.run (dart:async/zone.dart:1317:19)
[custom_lint] 2025-01-22T11:43:09.932829 #69     _CustomZone.runGuarded (dart:async/zone.dart:1225:7)
[custom_lint] 2025-01-22T11:43:09.932829 #70     _CustomZone.bindCallbackGuarded.<anonymous closure> (dart:async/zone.dart:1265:23)
[custom_lint] 2025-01-22T11:43:09.932829 #71     _microtaskLoop (dart:async/schedule_microtask.dart:40:21)
[custom_lint] 2025-01-22T11:43:09.932829 #72     _startMicrotaskLoop (dart:async/schedule_microtask.dart:49:5)
[custom_lint] 2025-01-22T11:43:09.932829 #73     _runPendingImmediateCallback (dart:isolate-patch/isolate_patch.dart:118:13)
[custom_lint] 2025-01-22T11:43:09.932829 #74     _RawReceivePort._handleMessage (dart:isolate-patch/isolate_patch.dart:185:5)
[custom_lint] 2025-01-22T11:43:09.932829
The request analysis.setSubscriptions failed with the following error:
RequestErrorCode.PLUGIN_ERROR
Bad state: No response for request CustomLintRequest.analyzerPluginRequest(request: Instance of 'Request', id: 86)
at:
#0      SocketCustomLintServerToClientChannel.sendCustomLintRequest.<anonymous closure> (package:custom_lint/src/v2/server_to_client_channel.dart:253:21)
#1      _runUserCode (dart:async/stream_pipe.dart:11:23)
#2      Stream.firstWhere.<anonymous closure> (dart:async/stream.dart:1707:9)
#3      _rootRun (dart:async/zone.dart:1406:47)
#4      _CustomZone.run (dart:async/zone.dart:1317:19)
#5      _CustomZone.runGuarded (dart:async/zone.dart:1225:7)
#6      _BufferingStreamSubscription._sendDone.sendDone (dart:async/stream_impl.dart:419:13)
#7      _BufferingStreamSubscription._sendDone (dart:async/stream_impl.dart:429:7)
#8      _BufferingStreamSubscription._close (dart:async/stream_impl.dart:318:7)
#9      _ForwardingStream._handleDone (dart:async/stream_pipe.dart:97:10)
#10     _ForwardingStreamSubscription._handleDone (dart:async/stream_pipe.dart:159:13)
#11     _rootRun (dart:async/zone.dart:1406:47)
#12     _CustomZone.run (dart:async/zone.dart:1317:19)
#13     _CustomZone.runGuarded (dart:async/zone.dart:1225:7)
#14     _BufferingStreamSubscription._sendDone.sendDone (dart:async/stream_impl.dart:419:13)
#15     _BufferingStreamSubscription._sendDone (dart:async/stream_impl.dart:429:7)
#16     _BufferingStreamSubscription._close (dart:async/stream_impl.dart:318:7)
#17     _ForwardingStream._handleDone (dart:async/stream_pipe.dart:97:10)
#18     _ForwardingStreamSubscription._handleDone (dart:async/stream_pipe.dart:159:13)
#19     _rootRun (dart:async/zone.dart:1406:47)
#20     _CustomZone.run (dart:async/zone.dart:1317:19)
#21     _CustomZone.runGuarded (dart:async/zone.dart:1225:7)
#22     _BufferingStreamSubscription._sendDone.sendDone (dart:async/stream_impl.dart:419:13)
#23     _BufferingStreamSubscription._sendDone (dart:async/stream_impl.dart:429:7)
#24     _BufferingStreamSubscription._close (dart:async/stream_impl.dart:318:7)
#25     _ForwardingStream._handleDone (dart:async/stream_pipe.dart:97:10)
#26     _ForwardingStreamSubscription._handleDone (dart:async/stream_pipe.dart:159:13)
#27     _rootRun (dart:async/zone.dart:1406:47)
#28     _CustomZone.run (dart:async/zone.dart:1317:19)
#29     _CustomZone.runGuarded (dart:async/zone.dart:1225:7)
#30     _BufferingStreamSubscription._sendDone.sendDone (dart:async/stream_impl.dart:419:13)
#31     _BufferingStreamSubscription._sendDone (dart:async/stream_impl.dart:429:7)
#32     _BufferingStreamSubscription._close (dart:async/stream_impl.dart:318:7)
#33     _ForwardingStream._handleDone (dart:async/stream_pipe.dart:97:10)
#34     _ForwardingStreamSubscription._handleDone (dart:async/stream_pipe.dart:159:13)
#35     _rootRun (dart:async/zone.dart:1406:47)
#36     _CustomZone.run (dart:async/zone.dart:1317:19)
#37     _CustomZone.runGuarded (dart:async/zone.dart:1225:7)
#38     _BufferingStreamSubscription._sendDone.sendDone (dart:async/stream_impl.dart:419:13)
#39     _BufferingStreamSubscription._sendDone (dart:async/stream_impl.dart:429:7)
#40     _BufferingStreamSubscription._close (dart:async/stream_impl.dart:318:7)
#41     _ForwardingStream._handleDone (dart:async/stream_pipe.dart:97:10)
#42     _ForwardingStreamSubscription._handleDone (dart:async/stream_pipe.dart:159:13)
#43     _rootRun (dart:async/zone.dart:1406:47)
#44     _CustomZone.run (dart:async/zone.dart:1317:19)
#45     _CustomZone.runGuarded (dart:async/zone.dart:1225:7)
#46     _BufferingStreamSubscription._sendDone.sendDone (dart:async/stream_impl.dart:419:13)
#47     _BufferingStreamSubscription._sendDone (dart:async/stream_impl.dart:429:7)
#48     _BufferingStreamSubscription._close (dart:async/stream_impl.dart:318:7)
#49     _ForwardingStream._handleDone (dart:async/stream_pipe.dart:97:10)
#50     _ForwardingStreamSubscription._handleDone (dart:async/stream_pipe.dart:159:13)
#51     _rootRun (dart:async/zone.dart:1406:47)
#52     _CustomZone.run (dart:async/zone.dart:1317:19)
#53     _CustomZone.runGuarded (dart:async/zone.dart:1225:7)
#54     _BufferingStreamSubscription._sendDone.sendDone (dart:async/stream_impl.dart:419:13)
#55     _BufferingStreamSubscription._sendDone (dart:async/stream_impl.dart:429:7)
#56     _BufferingStreamSubscription._close (dart:async/stream_impl.dart:318:7)
#57     _ForwardingStream._handleDone (dart:async/stream_pipe.dart:97:10)
#58     _ForwardingStreamSubscription._handleDone (dart:async/stream_pipe.dart:159:13)
#59     _rootRun (dart:async/zone.dart:1406:47)
#60     _CustomZone.run (dart:async/zone.dart:1317:19)
#61     _CustomZone.runGuarded (dart:async/zone.dart:1225:7)
#62     _DoneStreamSubscription._onMicrotask (dart:async/stream_impl.dart:778:15)
#63     _rootRun (dart:async/zone.dart:1406:47)
#64     _CustomZone.run (dart:async/zone.dart:1317:19)
#65     _CustomZone.runGuarded (dart:async/zone.dart:1225:7)
#66     _CustomZone.bindCallbackGuarded.<anonymous closure> (dart:async/zone.dart:1265:23)
#67     _rootRun (dart:async/zone.dart:1414:13)
#68     _CustomZone.run (dart:async/zone.dart:1317:19)
#69     _CustomZone.runGuarded (dart:async/zone.dart:1225:7)
#70     _CustomZone.bindCallbackGuarded.<anonymous closure> (dart:async/zone.dart:1265:23)
#71     _microtaskLoop (dart:async/schedule_microtask.dart:40:21)
#72     _startMicrotaskLoop (dart:async/schedule_microtask.dart:49:5)
#73     _runPendingImmediateCallback (dart:isolate-patch/isolate_patch.dart:118:13)
#74     _RawReceivePort._handleMessage (dart:isolate-patch/isolate_patch.dart:185:5)

